<?xml version="1.0" encoding="UTF-8"?>
<!-- Generated by org.testng.reporters.JUnitReportReporter -->
<testsuite hostname="DESKTOP-SVDM82B" failures="0" tests="7" name="org.example.Runner.Runner" time="275.507" errors="0" timestamp="2022-12-21T15:28:50 EET" skipped="0">
  <testcase classname="org.example.Runner.Runner" name="runScenario" time="36.909"/>
  <system-out/>
  <testcase classname="org.example.Runner.Runner" name="runScenario" time="43.512"/>
  <system-out/>
  <testcase classname="org.example.Runner.Runner" name="runScenario" time="32.853"/>
  <system-out/>
  <testcase classname="org.example.Runner.Runner" name="runScenario" time="43.179"/>
  <system-out/>
  <testcase classname="org.example.Runner.Runner" name="runScenario" time="49.148"/>
  <system-out/>
  <testcase classname="org.example.Runner.Runner" name="runScenario" time="28.215"/>
  <system-out/>
  <testcase classname="org.example.Runner.Runner" name="runScenario" time="41.691"/>
  <system-out/>
</testsuite> <!-- org.example.Runner.Runner -->
